0 info it worked if it ends with ok
1 verbose cli [ '/Users/adebayooluwadamilola/.nvm/versions/node/v6.0.0/bin/node',
1 verbose cli   '/Users/adebayooluwadamilola/.nvm/versions/node/v6.0.0/lib/node_modules/npm/bin/npm-cli.js',
1 verbose cli   'run',
1 verbose cli   'start',
1 verbose cli   '--scripts-prepend-node-path=auto' ]
2 info using npm@3.8.6
3 info using node@v6.0.0
4 verbose run-script [ 'prestart', 'start', 'poststart' ]
5 info lifecycle immunized@1.0.0~prestart: immunized@1.0.0
6 silly lifecycle immunized@1.0.0~prestart: no script for prestart, continuing
7 info lifecycle immunized@1.0.0~start: immunized@1.0.0
8 verbose lifecycle immunized@1.0.0~start: unsafe-perm in lifecycle true
9 verbose lifecycle immunized@1.0.0~start: PATH: /Users/adebayooluwadamilola/.nvm/versions/node/v6.0.0/lib/node_modules/npm/bin/node-gyp-bin:/Users/adebayooluwadamilola/Code/immunized/node_modules/.bin:/Users/adebayooluwadamilola/.nvm/versions/node/v6.0.0/bin:/Users/adebayooluwadamilola/.nvm/versions/node/v8.9.3/bin:/Applications/MAMP/bin/php/php7.O.12/bin:/Users/adebayooluwadamilola/.rvm/gems/ruby-2.3.0/bin:/Users/adebayooluwadamilola/.rvm/gems/ruby-2.3.0@global/bin:/Users/adebayooluwadamilola/.rvm/rubies/ruby-2.3.0/bin:/Library/Frameworks/Python.framework/Versions/3.7/bin:/Library/Frameworks/Python.framework/Versions/3.6/bin:/usr/local/bin:/usr/bin:/bin:/usr/sbin:/sbin:/Applications/VMware Fusion.app/Contents/Public:/Applications/Postgres.app/Contents/Versions/latest/bin:/Users/adebayooluwadamilola/.composer/vendor/bin:/Users/adebayooluwadamilola/.rvm/bin:/Users/adebayooluwadamilola/Library/Python/2.7/bin:/Users/adebayooluwadamilola/WorkSpace/campusApi/app/Console:/opt/yarn-[version]/bin
10 verbose lifecycle immunized@1.0.0~start: CWD: /Users/adebayooluwadamilola/Code/immunized
11 silly lifecycle immunized@1.0.0~start: Args: [ '-c', 'ts-node -r tsconfig-paths/register src/main.ts' ]
12 silly lifecycle immunized@1.0.0~start: Returned: code: 1  signal: null
13 info lifecycle immunized@1.0.0~start: Failed to exec start script
14 verbose stack Error: immunized@1.0.0 start: `ts-node -r tsconfig-paths/register src/main.ts`
14 verbose stack Exit status 1
14 verbose stack     at EventEmitter.<anonymous> (/Users/adebayooluwadamilola/.nvm/versions/node/v6.0.0/lib/node_modules/npm/lib/utils/lifecycle.js:239:16)
14 verbose stack     at emitTwo (events.js:106:13)
14 verbose stack     at EventEmitter.emit (events.js:191:7)
14 verbose stack     at ChildProcess.<anonymous> (/Users/adebayooluwadamilola/.nvm/versions/node/v6.0.0/lib/node_modules/npm/lib/utils/spawn.js:24:14)
14 verbose stack     at emitTwo (events.js:106:13)
14 verbose stack     at ChildProcess.emit (events.js:191:7)
14 verbose stack     at maybeClose (internal/child_process.js:850:16)
14 verbose stack     at Process.ChildProcess._handle.onexit (internal/child_process.js:215:5)
15 verbose pkgid immunized@1.0.0
16 verbose cwd /Users/adebayooluwadamilola/Code/immunized
17 error Darwin 17.5.0
18 error argv "/Users/adebayooluwadamilola/.nvm/versions/node/v6.0.0/bin/node" "/Users/adebayooluwadamilola/.nvm/versions/node/v6.0.0/lib/node_modules/npm/bin/npm-cli.js" "run" "start" "--scripts-prepend-node-path=auto"
19 error node v6.0.0
20 error npm  v3.8.6
21 error code ELIFECYCLE
22 error immunized@1.0.0 start: `ts-node -r tsconfig-paths/register src/main.ts`
22 error Exit status 1
23 error Failed at the immunized@1.0.0 start script 'ts-node -r tsconfig-paths/register src/main.ts'.
23 error Make sure you have the latest version of node.js and npm installed.
23 error If you do, this is most likely a problem with the immunized package,
23 error not with npm itself.
23 error Tell the author that this fails on your system:
23 error     ts-node -r tsconfig-paths/register src/main.ts
23 error You can get information on how to open an issue for this project with:
23 error     npm bugs immunized
23 error Or if that isn't available, you can get their info via:
23 error     npm owner ls immunized
23 error There is likely additional logging output above.
24 verbose exit [ 1, true ]
